<?xml version="1.0" encoding="UTF-8"?>
<!-- Generated by org.testng.reporters.JUnitReportReporter -->
<testsuite skipped="0" hostname="Nuralis-MacBook-Pro.local" name="NewTest.AppTestTest" tests="1" failures="0" timestamp="24 Feb 2018 20:18:15 GMT" time="2.389" errors="0">
  <testcase name="Maven" time="2.389" classname="NewTest.AppTestTest"/>
</testsuite> <!-- NewTest.AppTestTest -->
